<?xml version="1.0" encoding="UTF-8"?>
<!-- Generated by org.testng.reporters.JUnitXMLReporter -->
<testsuite ignored="0" hostname="DESKTOP-IEPVL3O" failures="0" tests="3" name="running in edge" time="21.905" errors="0" timestamp="2024-03-21T11:23:40 IST">
  <testcase classname="com.sevenrmartsupermarket.tests.LoginTest" name="verifyInvalidLogin" time="1.105"/>
  <testcase classname="com.sevenrmartsupermarket.tests.LoginTest" name="verifyLogin" time="1.974"/>
  <testcase classname="com.sevenrmartsupermarket.tests.LoginTest" name="verifyRememberme" time="0.407"/>
</testsuite> <!-- running in edge -->
