<?xml version="1.0" encoding="UTF-8"?>
<testng-results ignored="0" total="1" passed="1" failed="0" skipped="0">
  <reporter-output>
  </reporter-output>
  <suite started-at="2024-03-23T08:28:03 IST" name="Default suite" finished-at="2024-03-23T08:28:13 IST" duration-ms="10237">
    <groups>
    </groups>
    <test started-at="2024-03-23T08:28:03 IST" name="Default test" finished-at="2024-03-23T08:28:13 IST" duration-ms="10237">
      <class name="com.sevenrmartsupermarket.tests.MobileSliderTest">
        <test-method is-config="true" signature="launchBrowser()[pri:0, instance:com.sevenrmartsupermarket.tests.MobileSliderTest@bccb269]" started-at="2024-03-23T08:28:03 IST" name="launchBrowser" finished-at="2024-03-23T08:28:09 IST" duration-ms="5972" status="PASS">
          <reporter-output>
          </reporter-output>
        </test-method> <!-- launchBrowser -->
        <test-method signature="verifyMobileSliderPage()[pri:0, instance:com.sevenrmartsupermarket.tests.MobileSliderTest@bccb269]" started-at="2024-03-23T08:28:09 IST" name="verifyMobileSliderPage" finished-at="2024-03-23T08:28:13 IST" duration-ms="4159" status="PASS">
          <reporter-output>
          </reporter-output>
        </test-method> <!-- verifyMobileSliderPage -->
        <test-method is-config="true" signature="terminateSession(org.testng.ITestResult)[pri:0, instance:com.sevenrmartsupermarket.tests.MobileSliderTest@bccb269]" started-at="2024-03-23T08:28:13 IST" name="terminateSession" finished-at="2024-03-23T08:28:13 IST" duration-ms="4" status="PASS">
          <params>
            <param index="0">
              <value>
                <![CDATA[[TestResult name=verifyMobileSliderPage status=SUCCESS method=MobileSliderTest.verifyMobileSliderPage()[pri:0, instance:com.sevenrmartsupermarket.tests.MobileSliderTest@bccb269] output={null}]]]>
              </value>
            </param>
          </params>
          <reporter-output>
          </reporter-output>
        </test-method> <!-- terminateSession -->
      </class> <!-- com.sevenrmartsupermarket.tests.MobileSliderTest -->
    </test> <!-- Default test -->
  </suite> <!-- Default suite -->
</testng-results>
